<?xml version="1.0" encoding="UTF-8"?>
<testsuite xmlns:xsi="http://www.w3.org/2001/XMLSchema-instance" xsi:noNamespaceSchemaLocation="https://maven.apache.org/surefire/maven-surefire-plugin/xsd/surefire-test-report.xsd" version="3.0.2" name="com.hcl.TradingPlatformApplicationTests" time="15.569" tests="1" errors="0" skipped="0" failures="0">
  <properties>
[...]
</properties>
  <testcase name="contextLoads" classname="com.hcl.TradingPlatformApplicationTests" time="1.432">
    <system-out><![CDATA[17:21:21.999 [main] INFO org.springframework.test.context.support.AnnotationConfigContextLoaderUtils -- Could not detect default configuration classes for test class [com.hcl.TradingPlatformApplicationTests]: TradingPlatformApplicationTests does not declare any static, non-private, non-final, nested classes annotated with @Configuration.
17:21:22.360 [main] INFO org.springframework.boot.test.context.SpringBootTestContextBootstrapper -- Found @SpringBootConfiguration com.hcl.TradingPlatformApplication for test class com.hcl.TradingPlatformApplicationTests
17:21:22.965 [main] INFO org.springframework.boot.devtools.restart.RestartApplicationListener -- Restart disabled due to context in which it is running

  .   ____          _            __ _ _
 /\\ / ___'_ __ _ _(_)_ __  __ _ \ \ \ \
( ( )\___ | '_ | '_| | '_ \/ _` | \ \ \ \
 \\/  ___)| |_)| | | | | || (_| |  ) ) ) )
  '  |____| .__|_| |_|_| |_\__, | / / / /
 =========|_|==============|___/=/_/_/_/

 :: Spring Boot ::                (v3.5.4)

2025-08-12T17:21:23.795+05:30  INFO 29148 --- [TradingPlatform] [           main] c.hcl.TradingPlatformApplicationTests    : Starting TradingPlatformApplicationTests using Java 21.0.6 with PID 29148 (started by priyanshu-dubey in C:\MyWorkspace\TradingPlatform)
2025-08-12T17:21:23.801+05:30  INFO 29148 --- [TradingPlatform] [           main] c.hcl.TradingPlatformApplicationTests    : No active profile set, falling back to 1 default profile: "default"
2025-08-12T17:21:26.584+05:30  INFO 29148 --- [TradingPlatform] [           main] .s.d.r.c.RepositoryConfigurationDelegate : Bootstrapping Spring Data JPA repositories in DEFAULT mode.
2025-08-12T17:21:26.760+05:30  INFO 29148 --- [TradingPlatform] [           main] .s.d.r.c.RepositoryConfigurationDelegate : Finished Spring Data repository scanning in 146 ms. Found 1 JPA repository interface.
2025-08-12T17:21:28.365+05:30  INFO 29148 --- [TradingPlatform] [           main] o.hibernate.jpa.internal.util.LogHelper  : HHH000204: Processing PersistenceUnitInfo [name: default]
2025-08-12T17:21:28.568+05:30  INFO 29148 --- [TradingPlatform] [           main] org.hibernate.Version                    : HHH000412: Hibernate ORM core version 6.6.22.Final
2025-08-12T17:21:28.669+05:30  INFO 29148 --- [TradingPlatform] [           main] o.h.c.internal.RegionFactoryInitiator    : HHH000026: Second-level cache disabled
2025-08-12T17:21:29.941+05:30  INFO 29148 --- [TradingPlatform] [           main] o.s.o.j.p.SpringPersistenceUnitInfo      : No LoadTimeWeaver setup: ignoring JPA class transformer
2025-08-12T17:21:30.032+05:30  INFO 29148 --- [TradingPlatform] [           main] com.zaxxer.hikari.HikariDataSource       : HikariPool-1 - Starting...
2025-08-12T17:21:30.607+05:30  INFO 29148 --- [TradingPlatform] [           main] com.zaxxer.hikari.pool.HikariPool        : HikariPool-1 - Added connection conn0: url=jdbc:h2:mem:testdb user=SA
2025-08-12T17:21:30.614+05:30  INFO 29148 --- [TradingPlatform] [           main] com.zaxxer.hikari.HikariDataSource       : HikariPool-1 - Start completed.
2025-08-12T17:21:30.706+05:30  WARN 29148 --- [TradingPlatform] [           main] org.hibernate.orm.deprecation            : HHH90000025: H2Dialect does not need to be specified explicitly using 'hibernate.dialect' (remove the property setting and it will be selected by default)
2025-08-12T17:21:30.767+05:30  INFO 29148 --- [TradingPlatform] [           main] org.hibernate.orm.connections.pooling    : HHH10001005: Database info:
	Database JDBC URL [Connecting through datasource 'HikariDataSource (HikariPool-1)']
	Database driver: undefined/unknown
	Database version: 2.3.232
	Autocommit mode: undefined/unknown
	Isolation level: undefined/unknown
	Minimum pool size: undefined/unknown
	Maximum pool size: undefined/unknown
2025-08-12T17:21:32.542+05:30  INFO 29148 --- [TradingPlatform] [           main] o.h.e.t.j.p.i.JtaPlatformInitiator       : HHH000489: No JTA platform available (set 'hibernate.transaction.jta.platform' to enable JTA platform integration)
Hibernate: create table trader (id bigint generated by default as identity, balance float(53) not null, created_at timestamp(6), email varchar(255), name varchar(255), updated_at timestamp(6), primary key (id))
2025-08-12T17:21:32.698+05:30  INFO 29148 --- [TradingPlatform] [           main] j.LocalContainerEntityManagerFactoryBean : Initialized JPA EntityManagerFactory for persistence unit 'default'
2025-08-12T17:21:34.060+05:30  WARN 29148 --- [TradingPlatform] [           main] JpaBaseConfiguration$JpaWebConfiguration : spring.jpa.open-in-view is enabled by default. Therefore, database queries may be performed during view rendering. Explicitly configure spring.jpa.open-in-view to disable this warning
2025-08-12T17:21:34.196+05:30  INFO 29148 --- [TradingPlatform] [           main] o.s.v.b.OptionalValidatorFactoryBean     : Failed to set up a Bean Validation provider: jakarta.validation.NoProviderFoundException: Unable to create a Configuration, because no Jakarta Bean Validation provider could be found. Add a provider like Hibernate Validator (RI) to your classpath.
2025-08-12T17:21:35.262+05:30  INFO 29148 --- [TradingPlatform] [           main] o.s.b.a.h2.H2ConsoleAutoConfiguration    : H2 console available at '/h2-console'. Database available at 'jdbc:h2:mem:testdb'
2025-08-12T17:21:35.480+05:30  INFO 29148 --- [TradingPlatform] [           main] c.hcl.TradingPlatformApplicationTests    : Started TradingPlatformApplicationTests in 12.559 seconds (process running for 16.144)
]]></system-out>
    <system-err><![CDATA[Mockito is currently self-attaching to enable the inline-mock-maker. This will no longer work in future releases of the JDK. Please add Mockito as an agent to your build as described in Mockito's documentation: https://javadoc.io/doc/org.mockito/mockito-core/latest/org.mockito/org/mockito/Mockito.html#0.3
WARNING: A Java agent has been loaded dynamically (C:\Users\priyanshu-dubey\.m2\repository\net\bytebuddy\byte-buddy-agent\1.17.6\byte-buddy-agent-1.17.6.jar)
WARNING: If a serviceability tool is in use, please run with -XX:+EnableDynamicAgentLoading to hide this warning
WARNING: If a serviceability tool is not in use, please run with -Djdk.instrument.traceUsage for more information
WARNING: Dynamic loading of agents will be disallowed by default in a future release
]]></system-err>
  </testcase>
</testsuite>